#
# A fatal error has been detected by the Java Runtime Environment:
#
#  SIGSEGV (0xb) at pc=0x000000010b80138d, pid=99929, tid=39943
#
# JRE version: OpenJDK Runtime Environment Temurin-17.0.4.1+1 (17.0.4.1+1) (build 17.0.4.1+1)
# Java VM: OpenJDK 64-Bit Server VM Temurin-17.0.4.1+1 (17.0.4.1+1, mixed mode, tiered, compressed oops, compressed class ptrs, g1 gc, bsd-amd64)
# Problematic frame:
# V  [libjvm.dylib+0xa5438d]  _ZNK6Symbol11as_C_stringEv+0xd
#
# No core dump will be written. Core dumps have been disabled. To enable core dumping, try "ulimit -c unlimited" before starting Java again
#
# If you would like to submit a bug report, please visit:
#   https://github.com/adoptium/adoptium-support/issues
#

---------------  S U M M A R Y ------------

Command Line: -XX:+ShowCodeDetailsInExceptionMessages -agentlib:jdwp=transport=dt_socket,suspend=y,address=localhost:57119 -javaagent:/Users/calebhurst/eclipse/jee-2022-092/Eclipse.app/Contents/Eclipse/configuration/org.eclipse.osgi/413/0/.cp/lib/javaagent-shaded.jar -Dfile.encoding=UTF-8 --module-path=/Users/calebhurst/Desktop/Coders Campus/GitHub/Assignment7/bin:/Users/calebhurst/.p2/pool/plugins/junit-jupiter-api_5.9.0.jar:/Users/calebhurst/.p2/pool/plugins/junit-jupiter-engine_5.9.0.jar:/Users/calebhurst/.p2/pool/plugins/junit-jupiter-migrationsupport_5.9.0.jar:/Users/calebhurst/.p2/pool/plugins/junit-jupiter-params_5.9.0.jar:/Users/calebhurst/.p2/pool/plugins/junit-platform-commons_1.9.0.jar:/Users/calebhurst/.p2/pool/plugins/junit-platform-engine_1.9.0.jar:/Users/calebhurst/.p2/pool/plugins/junit-platform-launcher_1.9.0.jar:/Users/calebhurst/.p2/pool/plugins/junit-platform-runner_1.9.0.jar:/Users/calebhurst/.p2/pool/plugins/junit-platform-suite-api_1.9.0.jar:/Users/calebhurst/.p2/pool/plugins/junit-platform-suite-engine_1.9.0.jar:/Users/calebhurst/.p2/pool/plugins/junit-platform-suite-commons_1.9.0.jar:/Users/calebhurst/.p2/pool/plugins/junit-vintage-engine_5.9.0.jar:/Users/calebhurst/.p2/pool/plugins/org.opentest4j_1.2.0.jar:/Users/calebhurst/.p2/pool/plugins/org.apiguardian.api_1.1.2.jar:/Users/calebhurst/.p2/pool/plugins/org.junit_4.13.2.v20211018-1956.jar:/Users/calebhurst/.p2/pool/plugins/org.hamcrest.core_1.3.0.v20180420-1519.jar -Djdk.module.main=Assignment7 Assignment7/com.coderscampus.CustomListApp

Host: "MacBookPro13,3" x86_64 2900 MHz, 8 cores, 16G, Darwin 21.6.0, macOS 10.16 (21G115)
Time: Thu Mar  9 15:19:51 2023 CST elapsed time: 653.734857 seconds (0d 0h 10m 53s)

---------------  T H R E A D  ---------------

Current thread (0x00007fb633829a00):  JavaThread "JDWP Transport Listener: dt_socket" daemon [_thread_in_vm, id=39943, stack(0x000070000e74b000,0x000070000e84b000)]

Stack: [0x000070000e74b000,0x000070000e84b000],  sp=0x000070000e84aab0,  free space=1022k
Native frames: (J=compiled Java code, j=interpreted, Vv=VM code, C=native code)
V  [libjvm.dylib+0xa5438d]  _ZNK6Symbol11as_C_stringEv+0xd
V  [libjvm.dylib+0x6cd7a2]  _ZN8JvmtiEnv17GetClassSignatureEP7oopDescPPcS3_+0x152
V  [libjvm.dylib+0x68bab4]  _ZL23jvmti_GetClassSignatureP9_jvmtiEnvP7_jclassPPcS4_+0x154
C  [libjdwp.dylib+0x2b72a]  classSignature+0x7a
C  [libjdwp.dylib+0x5fd3]  signatureWithGeneric+0x53
C  [libjdwp.dylib+0x112c9]  debugLoop_run+0x1f9
C  [libjdwp.dylib+0x25eb6]  attachThread+0x76
V  [libjvm.dylib+0x6e6de1]  _ZN16JvmtiAgentThread19call_start_functionEv+0x81
V  [libjvm.dylib+0xaa3acf]  _ZN10JavaThread17thread_main_innerEv+0x14f
V  [libjvm.dylib+0xaa1e4a]  _ZN6Thread8call_runEv+0x11a
V  [libjvm.dylib+0x8ae6db]  _ZL19thread_native_entryP6Thread+0x14b
C  [libsystem_pthread.dylib+0x64e1]  _pthread_start+0x7d
C  [libsystem_pthread.dylib+0x1f6b]  thread_start+0xf


siginfo: si_signo: 11 (SIGSEGV), si_code: 1 (SEGV_MAPERR), si_addr: 0x00000000004d0050

Register to memory mapping:

RAX=0x000000012b93d668 is pointing into metadata
RBX=0x00000000004d004c is an unknown value
RCX=0x000000000000004e is an unknown value
RDX=0x0000000000000002 is an unknown value
RSP=0x000070000e84aab0 is pointing into the stack for thread: 0x00007fb633829a00
RBP=0x000070000e84aad0 is pointing into the stack for thread: 0x00007fb633829a00
RSI=0x00007fb633106510 points into unknown readable memory: 0x646f632f6d6f634c | 4c 63 6f 6d 2f 63 6f 64
RDI=0x00000000004d004c is an unknown value
R8 =0x00007bfe1e0427c0 is an unknown value
R9 =0x0000000000000020 is an unknown value
R10=0x00006000012ec018 points into unknown readable memory: 0x0000000000000000 | 00 00 00 00 00 00 00 00
R11=0x0 is NULL
R12=0x0000600003fce100 points into unknown readable memory: 0x0000000000000002 | 02 00 00 00 00 00 00 00
R13=0x00007fb6331068b8 points into unknown readable memory: 0x0000000000000000 | 00 00 00 00 00 00 00 00
R14=0x00000008000c6250 is a pointer to class: 
com.coderscampus.CustomArrayList {0x00000008000c6250}
 - instance size:     3
 - klass size:        78
 - access:            public synchronized 
 - state:             fully_initialized
 - name:              'com/coderscampus/CustomArrayList'
 - super:             'java/lang/Object'
 - sub:               
 - arrays:            NULL
 - methods:           Array<T>(0x000000012b93c8b8)
 - method ordering:   Array<T>(0x000000012b93d030)
 - default_methods:   Array<T>(0x0000000000000000)
 - local interfaces:  Array<T>(0x000000012b93b3a8)
 - trans. interfaces: Array<T>(0x000000012b93b3a8)
 - constants:         constant pool [80] {0x000000012b93d668} for 'com/coderscampus/CustomArrayList' cache=0x000000012b93db60
 - class loader data:  loader data: 0x00006000000c86e0 for instance a 'jdk/internal/loader/ClassLoaders$AppClassLoader'{0x000000070fe5af98}
 - source file:       'CustomArrayList.java'
 - source debug extension:       SMAP
CustomArrayList.java
Java
*S jdt
*F
1 CustomArrayList.java
2 file:/Users/calebhurst/Desktop/Coders%20Campus/GitHub/Assignment7/bin/
*L
*E

 - class annotations:       Array<T>(0x0000000000000000)
 - class type annotations:  Array<T>(0x0000000000000000)
 - field annotations:       Array<T>(0x0000000000000000)
 - field type annotations:  Array<T>(0x0000000000000000)
 - previous version:  constant pool [74] {0x000000012b93b0d8} for 'com/coderscampus/CustomArrayList' (extra) cache=0x000000012b93be50
 - generic signature: '
[error occurred during error reporting (printing register info), id 0xb, SIGSEGV (0xb) at pc=0x000000010b8027a2]

Registers:
RAX=0x000000012b93d668, RBX=0x00000000004d004c, RCX=0x000000000000004e, RDX=0x0000000000000002
RSP=0x000070000e84aab0, RBP=0x000070000e84aad0, RSI=0x00007fb633106510, RDI=0x00000000004d004c
R8 =0x00007bfe1e0427c0, R9 =0x0000000000000020, R10=0x00006000012ec018, R11=0x0000000000000000
R12=0x0000600003fce100, R13=0x00007fb6331068b8, R14=0x00000008000c6250, R15=0x0000000000000000
RIP=0x000000010b80138d, EFLAGS=0x0000000000010202, ERR=0x0000000000000004
  TRAPNO=0x000000000000000e

Top of Stack: (sp=0x000070000e84aab0)
0x000070000e84aab0:   000000012b93d668 0000600003fd27c0
0x000070000e84aac0:   00000008000c6250 0000000000000000
0x000070000e84aad0:   000070000e84ab40 000000010b47a7a2
0x000070000e84aae0:   00007fb6331064d0 00007fb6331064e0
0x000070000e84aaf0:   00000000000003d8 000070000e84abb8
0x000070000e84ab00:   000070000e84ac00 00007fb6333044e0
0x000070000e84ab10:   00007fb6331068b8 000070000e84abb8
0x000070000e84ab20:   00007fb6333044e0 00007fb633829a00
0x000070000e84ab30:   000000070f6072c0 0000000000000015
0x000070000e84ab40:   000070000e84aba0 000000010b438ab4
0x000070000e84ab50:   00007fb633829a00 0000000000000000
0x000070000e84ab60:   0000700000000000 0000000000000000
0x000070000e84ab70:   000070000e84ac00 000070000e84ac30
0x000070000e84ab80:   000070000e84abf8 00006000031ef9c0
0x000070000e84ab90:   000070000e84ac00 00007fb636605780
0x000070000e84aba0:   000070000e84abe0 000000010948172a
0x000070000e84abb0:   000070000e84abe0 0000600003fd27c0
0x000070000e84abc0:   000070000e84ac30 000000010948c4d8
0x000070000e84abd0:   000070000e84ac88 00007fb636605780
0x000070000e84abe0:   000070000e84ac20 000000010945bfd3
0x000070000e84abf0:   0000000000005fbc 0000000000000000
0x000070000e84ac00:   0000000000000000 000000010945bf80
0x000070000e84ac10:   000070000e84ac88 000070000e84ac30
0x000070000e84ac20:   000070000e84ae40 00000001094672c9
0x000070000e84ac30:   0000600003370918 0000000000000000
0x000070000e84ac40:   00005fbc00000013 000000010b0d0200
0x000070000e84ac50:   0000600003370910 00006000031f5ee0
0x000070000e84ac60:   0000000109484dd6 0000000109484f9e
0x000070000e84ac70:   00005fbc00000013 000000010b0d0200
0x000070000e84ac80:   0000600003370910 000070000e84acd8
0x000070000e84ac90:   00007fb60000012c 000070000e84aca0
0x000070000e84aca0:   00007fb600000000 000070000e84acd8 

Instructions: (pc=0x000000010b80138d)
0x000000010b80128d:   c1 7c f0 eb 03 45 31 c0 42 c6 04 06 00 48 89 f0
0x000000010b80129d:   5d c3 4c 89 c1 48 83 e1 e0 48 8d 51 e0 48 89 d0
0x000000010b8012ad:   48 c1 e8 05 48 ff c0 41 89 c1 41 83 e1 03 48 83
0x000000010b8012bd:   fa 60 73 0c 31 c0 4d 85 c9 75 76 e9 9f 00 00 00
0x000000010b8012cd:   ba 01 00 00 00 48 29 c2 49 8d 54 11 ff 31 c0 0f
0x000000010b8012dd:   1f 40 00 0f 10 44 07 06 0f 10 4c 07 16 0f 11 04
0x000000010b8012ed:   06 0f 11 4c 06 10 0f 10 44 07 26 0f 10 4c 07 36
0x000000010b8012fd:   0f 11 44 06 20 0f 11 4c 06 30 0f 10 44 07 46 0f
0x000000010b80130d:   10 4c 07 56 0f 11 44 06 40 0f 11 4c 06 50 0f 10
0x000000010b80131d:   44 07 66 0f 10 4c 07 76 0f 11 44 06 60 0f 11 4c
0x000000010b80132d:   06 70 48 83 e8 80 48 83 c2 04 75 a7 4d 85 c9 74
0x000000010b80133d:   2e 49 f7 d9 66 2e 0f 1f 84 00 00 00 00 00 0f 1f
0x000000010b80134d:   44 00 00 0f 10 44 07 06 0f 10 4c 07 16 0f 11 04
0x000000010b80135d:   06 0f 11 4c 06 10 48 83 c0 20 49 ff c1 75 e4 4c
0x000000010b80136d:   39 c1 0f 85 0b ff ff ff e9 1b ff ff ff 66 0f 1f
0x000000010b80137d:   44 00 00 55 48 89 e5 41 57 41 56 53 50 48 89 fb
0x000000010b80138d:   44 0f b7 7f 04 49 8d 7f 01 45 31 f6 31 f6 e8 f0
0x000000010b80139d:   f6 ed ff 0f b7 4b 04 41 39 cf 41 0f 42 cf 85 c9
0x000000010b8013ad:   0f 8e 3d 01 00 00 41 89 ce 83 f9 01 41 b8 01 00
0x000000010b8013bd:   00 00 4d 0f 47 c6 49 83 f8 20 73 07 31 d2 e9 10
0x000000010b8013cd:   01 00 00 49 83 fe 01 b9 01 00 00 00 49 0f 47 ce
0x000000010b8013dd:   48 8d 54 0b 06 48 39 d0 73 16 48 89 c2 48 01 ca
0x000000010b8013ed:   48 8d 4b 06 48 39 d1 73 07 31 d2 e9 e3 00 00 00
0x000000010b8013fd:   44 89 c2 83 e2 e0 48 8d 7a e0 48 89 f9 48 c1 e9
0x000000010b80140d:   05 48 ff c1 89 ce 83 e6 03 48 83 ff 60 73 0c 31
0x000000010b80141d:   ff 48 85 f6 75 7b e9 a4 00 00 00 bf 01 00 00 00
0x000000010b80142d:   48 29 cf 48 8d 4c 3e ff 31 ff 66 0f 1f 84 00 00
0x000000010b80143d:   00 00 00 0f 10 44 3b 06 0f 10 4c 3b 16 0f 11 04
0x000000010b80144d:   38 0f 11 4c 38 10 0f 10 44 3b 26 0f 10 4c 3b 36
0x000000010b80145d:   0f 11 44 38 20 0f 11 4c 38 30 0f 10 44 3b 46 0f
0x000000010b80146d:   10 4c 3b 56 0f 11 44 38 40 0f 11 4c 38 50 0f 10
0x000000010b80147d:   44 3b 66 0f 10 4c 3b 76 0f 11 44 38 60 0f 11 4c 


Stack slot to memory mapping:
stack at sp + 0 slots: 0x000000012b93d668 is pointing into metadata
stack at sp + 1 slots: 0x0000600003fd27c0 points into unknown readable memory: 0x646f632f6d6f634c | 4c 63 6f 6d 2f 63 6f 64
stack at sp + 2 slots: 0x00000008000c6250 is a pointer to class: 
com.coderscampus.CustomArrayList {0x00000008000c6250}
 - instance size:     3
 - klass size:        78
 - access:            public synchronized 
 - state:             fully_initialized
 - name:              'com/coderscampus/CustomArrayList'
 - super:             'java/lang/Object'
 - sub:               
 - arrays:            NULL
 - methods:           Array<T>(0x000000012b93c8b8)
 - method ordering:   Array<T>(0x000000012b93d030)
 - default_methods:   Array<T>(0x0000000000000000)
 - local interfaces:  Array<T>(0x000000012b93b3a8)
 - trans. interfaces: Array<T>(0x000000012b93b3a8)
 - constants:         constant pool [80] {0x000000012b93d668} for 'com/coderscampus/CustomArrayList' cache=0x000000012b93db60
 - class loader data:  loader data: 0x00006000000c86e0 for instance a 'jdk/internal/loader/ClassLoaders$AppClassLoader'{0x000000070fe5af98}
 - source file:       'CustomArrayList.java'
 - source debug extension:       SMAP
CustomArrayList.java
Java
*S jdt
*F
1 CustomArrayList.java
2 file:/Users/calebhurst/Desktop/Coders%20Campus/GitHub/Assignment7/bin/
*L
*E

 - class annotations:       Array<T>(0x0000000000000000)
 - class type annotations:  Array<T>(0x0000000000000000)
 - field annotations:       Array<T>(0x0000000000000000)
 - field type annotations:  Array<T>(0x0000000000000000)
 - previous version:  constant pool [74] {0x000000012b93b0d8} for 'com/coderscampus/CustomArrayList' (extra) cache=0x000000012b93be50
 - generic signature: '
[error occurred during error reporting (inspecting top of stack), id 0xb, SIGSEGV (0xb) at pc=0x000000010b8027a2]


---------------  P R O C E S S  ---------------

Threads class SMR info:
_java_thread_list=0x00006000031f6020, length=14, elements={
0x00007fb633809200, 0x00007fb63480a000, 0x00007fb63480d600, 0x00007fb63480ba00,
0x00007fb634008200, 0x00007fb63501b200, 0x00007fb6350e7200, 0x00007fb63480c000,
0x00007fb636814a00, 0x00007fb637039600, 0x00007fb633829a00, 0x00007fb632810e00,
0x00007fb637039000, 0x00007fb63480a600
}

Java Threads: ( => current thread )
  0x00007fb633809200 JavaThread "main" [_thread_blocked, id=9987, stack(0x000070000d512000,0x000070000d612000)]
  0x00007fb63480a000 JavaThread "Reference Handler" daemon [_thread_blocked, id=17155, stack(0x000070000dc27000,0x000070000dd27000)]
  0x00007fb63480d600 JavaThread "Finalizer" daemon [_thread_blocked, id=16899, stack(0x000070000dd2a000,0x000070000de2a000)]
  0x00007fb63480ba00 JavaThread "Signal Dispatcher" daemon [_thread_blocked, id=22531, stack(0x000070000df33000,0x000070000e033000)]
  0x00007fb634008200 JavaThread "Service Thread" daemon [_thread_blocked, id=41731, stack(0x000070000e036000,0x000070000e136000)]
  0x00007fb63501b200 JavaThread "Monitor Deflation Thread" daemon [_thread_blocked, id=41475, stack(0x000070000e139000,0x000070000e239000)]
  0x00007fb6350e7200 JavaThread "C2 CompilerThread0" daemon [_thread_blocked, id=41219, stack(0x000070000e23c000,0x000070000e33c000)]
  0x00007fb63480c000 JavaThread "C1 CompilerThread0" daemon [_thread_blocked, id=23555, stack(0x000070000e33f000,0x000070000e43f000)]
  0x00007fb636814a00 JavaThread "Sweeper thread" daemon [_thread_blocked, id=23811, stack(0x000070000e442000,0x000070000e542000)]
  0x00007fb637039600 JavaThread "Common-Cleaner" daemon [_thread_blocked, id=24323, stack(0x000070000e545000,0x000070000e645000)]
=>0x00007fb633829a00 JavaThread "JDWP Transport Listener: dt_socket" daemon [_thread_in_vm, id=39943, stack(0x000070000e74b000,0x000070000e84b000)]
  0x00007fb632810e00 JavaThread "JDWP Event Helper Thread" daemon [_thread_blocked, id=39683, stack(0x000070000e84e000,0x000070000e94e000)]
  0x00007fb637039000 JavaThread "JDWP Command Reader" daemon [_thread_in_native, id=39171, stack(0x000070000e951000,0x000070000ea51000)]
  0x00007fb63480a600 JavaThread "Notification Thread" daemon [_thread_blocked, id=38659, stack(0x000070000ea54000,0x000070000eb54000)]

Other Threads:
  0x00007fb6380049a0 VMThread "VM Thread" [stack: 0x000070000db24000,0x000070000dc24000] [id=15363]
  0x00007fb638006020 WatcherThread [stack: 0x000070000eb57000,0x000070000ec57000] [id=25091]
  0x00007fb633007980 GCTaskThread "GC Thread#0" [stack: 0x000070000d615000,0x000070000d715000] [id=12547]
  0x00007fb633304df0 ConcurrentGCThread "G1 Main Marker" [stack: 0x000070000d718000,0x000070000d818000] [id=19971]
  0x00007fb633305670 ConcurrentGCThread "G1 Conc#0" [stack: 0x000070000d81b000,0x000070000d91b000] [id=19459]
  0x00007fb633307d50 ConcurrentGCThread "G1 Refine#0" [stack: 0x000070000d91e000,0x000070000da1e000] [id=18691]
  0x00007fb6333085e0 ConcurrentGCThread "G1 Service" [stack: 0x000070000da21000,0x000070000db21000] [id=18435]

Threads with active compile tasks:

VM state: not at safepoint (normal execution)

VM Mutex/Monitor currently owned by a thread: None

Heap address: 0x0000000700000000, size: 4096 MB, Compressed Oops mode: Zero based, Oop shift amount: 3

CDS archive(s) not mapped
Compressed class space mapped at: 0x0000000800000000-0x0000000840000000, reserved size: 1073741824
Narrow klass base: 0x0000000800000000, Narrow klass shift: 0, Narrow klass range: 0x40000000

GC Precious Log:
 CPUs: 8 total, 8 available
 Memory: 16384M
 Large Page Support: Disabled
 NUMA Support: Disabled
 Compressed Oops: Enabled (Zero based)
 Heap Region Size: 2M
 Heap Min Capacity: 8M
 Heap Initial Capacity: 256M
 Heap Max Capacity: 4G
 Pre-touch: Disabled
 Parallel Workers: 8
 Concurrent Workers: 2
 Concurrent Refinement Workers: 8
 Periodic GC: Disabled

Heap:
 garbage-first heap   total 262144K, used 8192K [0x0000000700000000, 0x0000000800000000)
  region size 2048K, 5 young (10240K), 0 survivors (0K)
 Metaspace       used 10045K, committed 10112K, reserved 1064960K
  class space    used 915K, committed 960K, reserved 1048576K

Heap Regions: E=young(eden), S=young(survivor), O=old, HS=humongous(starts), HC=humongous(continues), CS=collection set, F=free, OA=open archive, CA=closed archive, TAMS=top-at-mark-start (previous, next)
|   0|0x0000000700000000, 0x0000000700000000, 0x0000000700200000|  0%| F|  |TAMS 0x0000000700000000, 0x0000000700000000| Untracked 
|   1|0x0000000700200000, 0x0000000700200000, 0x0000000700400000|  0%| F|  |TAMS 0x0000000700200000, 0x0000000700200000| Untracked 
|   2|0x0000000700400000, 0x0000000700400000, 0x0000000700600000|  0%| F|  |TAMS 0x0000000700400000, 0x0000000700400000| Untracked 
|   3|0x0000000700600000, 0x0000000700600000, 0x0000000700800000|  0%| F|  |TAMS 0x0000000700600000, 0x0000000700600000| Untracked 
|   4|0x0000000700800000, 0x0000000700800000, 0x0000000700a00000|  0%| F|  |TAMS 0x0000000700800000, 0x0000000700800000| Untracked 
|   5|0x0000000700a00000, 0x0000000700a00000, 0x0000000700c00000|  0%| F|  |TAMS 0x0000000700a00000, 0x0000000700a00000| Untracked 
|   6|0x0000000700c00000, 0x0000000700c00000, 0x0000000700e00000|  0%| F|  |TAMS 0x0000000700c00000, 0x0000000700c00000| Untracked 
|   7|0x0000000700e00000, 0x0000000700e00000, 0x0000000701000000|  0%| F|  |TAMS 0x0000000700e00000, 0x0000000700e00000| Untracked 
|   8|0x0000000701000000, 0x0000000701000000, 0x0000000701200000|  0%| F|  |TAMS 0x0000000701000000, 0x0000000701000000| Untracked 
|   9|0x0000000701200000, 0x0000000701200000, 0x0000000701400000|  0%| F|  |TAMS 0x0000000701200000, 0x0000000701200000| Untracked 
|  10|0x0000000701400000, 0x0000000701400000, 0x0000000701600000|  0%| F|  |TAMS 0x0000000701400000, 0x0000000701400000| Untracked 
|  11|0x0000000701600000, 0x0000000701600000, 0x0000000701800000|  0%| F|  |TAMS 0x0000000701600000, 0x0000000701600000| Untracked 
|  12|0x0000000701800000, 0x0000000701800000, 0x0000000701a00000|  0%| F|  |TAMS 0x0000000701800000, 0x0000000701800000| Untracked 
|  13|0x0000000701a00000, 0x0000000701a00000, 0x0000000701c00000|  0%| F|  |TAMS 0x0000000701a00000, 0x0000000701a00000| Untracked 
|  14|0x0000000701c00000, 0x0000000701c00000, 0x0000000701e00000|  0%| F|  |TAMS 0x0000000701c00000, 0x0000000701c00000| Untracked 
|  15|0x0000000701e00000, 0x0000000701e00000, 0x0000000702000000|  0%| F|  |TAMS 0x0000000701e00000, 0x0000000701e00000| Untracked 
|  16|0x0000000702000000, 0x0000000702000000, 0x0000000702200000|  0%| F|  |TAMS 0x0000000702000000, 0x0000000702000000| Untracked 
|  17|0x0000000702200000, 0x0000000702200000, 0x0000000702400000|  0%| F|  |TAMS 0x0000000702200000, 0x0000000702200000| Untracked 
|  18|0x0000000702400000, 0x0000000702400000, 0x0000000702600000|  0%| F|  |TAMS 0x0000000702400000, 0x0000000702400000| Untracked 
|  19|0x0000000702600000, 0x0000000702600000, 0x0000000702800000|  0%| F|  |TAMS 0x0000000702600000, 0x0000000702600000| Untracked 
|  20|0x0000000702800000, 0x0000000702800000, 0x0000000702a00000|  0%| F|  |TAMS 0x0000000702800000, 0x0000000702800000| Untracked 
|  21|0x0000000702a00000, 0x0000000702a00000, 0x0000000702c00000|  0%| F|  |TAMS 0x0000000702a00000, 0x0000000702a00000| Untracked 
|  22|0x0000000702c00000, 0x0000000702c00000, 0x0000000702e00000|  0%| F|  |TAMS 0x0000000702c00000, 0x0000000702c00000| Untracked 
|  23|0x0000000702e00000, 0x0000000702e00000, 0x0000000703000000|  0%| F|  |TAMS 0x0000000702e00000, 0x0000000702e00000| Untracked 
|  24|0x0000000703000000, 0x0000000703000000, 0x0000000703200000|  0%| F|  |TAMS 0x0000000703000000, 0x0000000703000000| Untracked 
|  25|0x0000000703200000, 0x0000000703200000, 0x0000000703400000|  0%| F|  |TAMS 0x0000000703200000, 0x0000000703200000| Untracked 
|  26|0x0000000703400000, 0x0000000703400000, 0x0000000703600000|  0%| F|  |TAMS 0x0000000703400000, 0x0000000703400000| Untracked 
|  27|0x0000000703600000, 0x0000000703600000, 0x0000000703800000|  0%| F|  |TAMS 0x0000000703600000, 0x0000000703600000| Untracked 
|  28|0x0000000703800000, 0x0000000703800000, 0x0000000703a00000|  0%| F|  |TAMS 0x0000000703800000, 0x0000000703800000| Untracked 
|  29|0x0000000703a00000, 0x0000000703a00000, 0x0000000703c00000|  0%| F|  |TAMS 0x0000000703a00000, 0x0000000703a00000| Untracked 
|  30|0x0000000703c00000, 0x0000000703c00000, 0x0000000703e00000|  0%| F|  |TAMS 0x0000000703c00000, 0x0000000703c00000| Untracked 
|  31|0x0000000703e00000, 0x0000000703e00000, 0x0000000704000000|  0%| F|  |TAMS 0x0000000703e00000, 0x0000000703e00000| Untracked 
|  32|0x0000000704000000, 0x0000000704000000, 0x0000000704200000|  0%| F|  |TAMS 0x0000000704000000, 0x0000000704000000| Untracked 
|  33|0x0000000704200000, 0x0000000704200000, 0x0000000704400000|  0%| F|  |TAMS 0x0000000704200000, 0x0000000704200000| Untracked 
|  34|0x0000000704400000, 0x0000000704400000, 0x0000000704600000|  0%| F|  |TAMS 0x0000000704400000, 0x0000000704400000| Untracked 
|  35|0x0000000704600000, 0x0000000704600000, 0x0000000704800000|  0%| F|  |TAMS 0x0000000704600000, 0x0000000704600000| Untracked 
|  36|0x0000000704800000, 0x0000000704800000, 0x0000000704a00000|  0%| F|  |TAMS 0x0000000704800000, 0x0000000704800000| Untracked 
|  37|0x0000000704a00000, 0x0000000704a00000, 0x0000000704c00000|  0%| F|  |TAMS 0x0000000704a00000, 0x0000000704a00000| Untracked 
|  38|0x0000000704c00000, 0x0000000704c00000, 0x0000000704e00000|  0%| F|  |TAMS 0x0000000704c00000, 0x0000000704c00000| Untracked 
|  39|0x0000000704e00000, 0x0000000704e00000, 0x0000000705000000|  0%| F|  |TAMS 0x0000000704e00000, 0x0000000704e00000| Untracked 
|  40|0x0000000705000000, 0x0000000705000000, 0x0000000705200000|  0%| F|  |TAMS 0x0000000705000000, 0x0000000705000000| Untracked 
|  41|0x0000000705200000, 0x0000000705200000, 0x0000000705400000|  0%| F|  |TAMS 0x0000000705200000, 0x0000000705200000| Untracked 
|  42|0x0000000705400000, 0x0000000705400000, 0x0000000705600000|  0%| F|  |TAMS 0x0000000705400000, 0x0000000705400000| Untracked 
|  43|0x0000000705600000, 0x0000000705600000, 0x0000000705800000|  0%| F|  |TAMS 0x0000000705600000, 0x0000000705600000| Untracked 
|  44|0x0000000705800000, 0x0000000705800000, 0x0000000705a00000|  0%| F|  |TAMS 0x0000000705800000, 0x0000000705800000| Untracked 
|  45|0x0000000705a00000, 0x0000000705a00000, 0x0000000705c00000|  0%| F|  |TAMS 0x0000000705a00000, 0x0000000705a00000| Untracked 
|  46|0x0000000705c00000, 0x0000000705c00000, 0x0000000705e00000|  0%| F|  |TAMS 0x0000000705c00000, 0x0000000705c00000| Untracked 
|  47|0x0000000705e00000, 0x0000000705e00000, 0x0000000706000000|  0%| F|  |TAMS 0x0000000705e00000, 0x0000000705e00000| Untracked 
|  48|0x0000000706000000, 0x0000000706000000, 0x0000000706200000|  0%| F|  |TAMS 0x0000000706000000, 0x0000000706000000| Untracked 
|  49|0x0000000706200000, 0x0000000706200000, 0x0000000706400000|  0%| F|  |TAMS 0x0000000706200000, 0x0000000706200000| Untracked 
|  50|0x0000000706400000, 0x0000000706400000, 0x0000000706600000|  0%| F|  |TAMS 0x0000000706400000, 0x0000000706400000| Untracked 
|  51|0x0000000706600000, 0x0000000706600000, 0x0000000706800000|  0%| F|  |TAMS 0x0000000706600000, 0x0000000706600000| Untracked 
|  52|0x0000000706800000, 0x0000000706800000, 0x0000000706a00000|  0%| F|  |TAMS 0x0000000706800000, 0x0000000706800000| Untracked 
|  53|0x0000000706a00000, 0x0000000706a00000, 0x0000000706c00000|  0%| F|  |TAMS 0x0000000706a00000, 0x0000000706a00000| Untracked 
|  54|0x0000000706c00000, 0x0000000706c00000, 0x0000000706e00000|  0%| F|  |TAMS 0x0000000706c00000, 0x0000000706c00000| Untracked 
|  55|0x0000000706e00000, 0x0000000706e00000, 0x0000000707000000|  0%| F|  |TAMS 0x0000000706e00000, 0x0000000706e00000| Untracked 
|  56|0x0000000707000000, 0x0000000707000000, 0x0000000707200000|  0%| F|  |TAMS 0x0000000707000000, 0x0000000707000000| Untracked 
|  57|0x0000000707200000, 0x0000000707200000, 0x0000000707400000|  0%| F|  |TAMS 0x0000000707200000, 0x0000000707200000| Untracked 
|  58|0x0000000707400000, 0x0000000707400000, 0x0000000707600000|  0%| F|  |TAMS 0x0000000707400000, 0x0000000707400000| Untracked 
|  59|0x0000000707600000, 0x0000000707600000, 0x0000000707800000|  0%| F|  |TAMS 0x0000000707600000, 0x0000000707600000| Untracked 
|  60|0x0000000707800000, 0x0000000707800000, 0x0000000707a00000|  0%| F|  |TAMS 0x0000000707800000, 0x0000000707800000| Untracked 
|  61|0x0000000707a00000, 0x0000000707a00000, 0x0000000707c00000|  0%| F|  |TAMS 0x0000000707a00000, 0x0000000707a00000| Untracked 
|  62|0x0000000707c00000, 0x0000000707c00000, 0x0000000707e00000|  0%| F|  |TAMS 0x0000000707c00000, 0x0000000707c00000| Untracked 
|  63|0x0000000707e00000, 0x0000000707e00000, 0x0000000708000000|  0%| F|  |TAMS 0x0000000707e00000, 0x0000000707e00000| Untracked 
|  64|0x0000000708000000, 0x0000000708000000, 0x0000000708200000|  0%| F|  |TAMS 0x0000000708000000, 0x0000000708000000| Untracked 
|  65|0x0000000708200000, 0x0000000708200000, 0x0000000708400000|  0%| F|  |TAMS 0x0000000708200000, 0x0000000708200000| Untracked 
|  66|0x0000000708400000, 0x0000000708400000, 0x0000000708600000|  0%| F|  |TAMS 0x0000000708400000, 0x0000000708400000| Untracked 
|  67|0x0000000708600000, 0x0000000708600000, 0x0000000708800000|  0%| F|  |TAMS 0x0000000708600000, 0x0000000708600000| Untracked 
|  68|0x0000000708800000, 0x0000000708800000, 0x0000000708a00000|  0%| F|  |TAMS 0x0000000708800000, 0x0000000708800000| Untracked 
|  69|0x0000000708a00000, 0x0000000708a00000, 0x0000000708c00000|  0%| F|  |TAMS 0x0000000708a00000, 0x0000000708a00000| Untracked 
|  70|0x0000000708c00000, 0x0000000708c00000, 0x0000000708e00000|  0%| F|  |TAMS 0x0000000708c00000, 0x0000000708c00000| Untracked 
|  71|0x0000000708e00000, 0x0000000708e00000, 0x0000000709000000|  0%| F|  |TAMS 0x0000000708e00000, 0x0000000708e00000| Untracked 
|  72|0x0000000709000000, 0x0000000709000000, 0x0000000709200000|  0%| F|  |TAMS 0x0000000709000000, 0x0000000709000000| Untracked 
|  73|0x0000000709200000, 0x0000000709200000, 0x0000000709400000|  0%| F|  |TAMS 0x0000000709200000, 0x0000000709200000| Untracked 
|  74|0x0000000709400000, 0x0000000709400000, 0x0000000709600000|  0%| F|  |TAMS 0x0000000709400000, 0x0000000709400000| Untracked 
|  75|0x0000000709600000, 0x0000000709600000, 0x0000000709800000|  0%| F|  |TAMS 0x0000000709600000, 0x0000000709600000| Untracked 
|  76|0x0000000709800000, 0x0000000709800000, 0x0000000709a00000|  0%| F|  |TAMS 0x0000000709800000, 0x0000000709800000| Untracked 
|  77|0x0000000709a00000, 0x0000000709a00000, 0x0000000709c00000|  0%| F|  |TAMS 0x0000000709a00000, 0x0000000709a00000| Untracked 
|  78|0x0000000709c00000, 0x0000000709c00000, 0x0000000709e00000|  0%| F|  |TAMS 0x0000000709c00000, 0x0000000709c00000| Untracked 
|  79|0x0000000709e00000, 0x0000000709e00000, 0x000000070a000000|  0%| F|  |TAMS 0x0000000709e00000, 0x0000000709e00000| Untracked 
|  80|0x000000070a000000, 0x000000070a000000, 0x000000070a200000|  0%| F|  |TAMS 0x000000070a000000, 0x000000070a000000| Untracked 
|  81|0x000000070a200000, 0x000000070a200000, 0x000000070a400000|  0%| F|  |TAMS 0x000000070a200000, 0x000000070a200000| Untracked 
|  82|0x000000070a400000, 0x000000070a400000, 0x000000070a600000|  0%| F|  |TAMS 0x000000070a400000, 0x000000070a400000| Untracked 
|  83|0x000000070a600000, 0x000000070a600000, 0x000000070a800000|  0%| F|  |TAMS 0x000000070a600000, 0x000000070a600000| Untracked 
|  84|0x000000070a800000, 0x000000070a800000, 0x000000070aa00000|  0%| F|  |TAMS 0x000000070a800000, 0x000000070a800000| Untracked 
|  85|0x000000070aa00000, 0x000000070aa00000, 0x000000070ac00000|  0%| F|  |TAMS 0x000000070aa00000, 0x000000070aa00000| Untracked 
|  86|0x000000070ac00000, 0x000000070ac00000, 0x000000070ae00000|  0%| F|  |TAMS 0x000000070ac00000, 0x000000070ac00000| Untracked 
|  87|0x000000070ae00000, 0x000000070ae00000, 0x000000070b000000|  0%| F|  |TAMS 0x000000070ae00000, 0x000000070ae00000| Untracked 
|  88|0x000000070b000000, 0x000000070b000000, 0x000000070b200000|  0%| F|  |TAMS 0x000000070b000000, 0x000000070b000000| Untracked 
|  89|0x000000070b200000, 0x000000070b200000, 0x000000070b400000|  0%| F|  |TAMS 0x000000070b200000, 0x000000070b200000| Untracked 
|  90|0x000000070b400000, 0x000000070b400000, 0x000000070b600000|  0%| F|  |TAMS 0x000000070b400000, 0x000000070b400000| Untracked 
|  91|0x000000070b600000, 0x000000070b600000, 0x000000070b800000|  0%| F|  |TAMS 0x000000070b600000, 0x000000070b600000| Untracked 
|  92|0x000000070b800000, 0x000000070b800000, 0x000000070ba00000|  0%| F|  |TAMS 0x000000070b800000, 0x000000070b800000| Untracked 
|  93|0x000000070ba00000, 0x000000070ba00000, 0x000000070bc00000|  0%| F|  |TAMS 0x000000070ba00000, 0x000000070ba00000| Untracked 
|  94|0x000000070bc00000, 0x000000070bc00000, 0x000000070be00000|  0%| F|  |TAMS 0x000000070bc00000, 0x000000070bc00000| Untracked 
|  95|0x000000070be00000, 0x000000070be00000, 0x000000070c000000|  0%| F|  |TAMS 0x000000070be00000, 0x000000070be00000| Untracked 
|  96|0x000000070c000000, 0x000000070c000000, 0x000000070c200000|  0%| F|  |TAMS 0x000000070c000000, 0x000000070c000000| Untracked 
|  97|0x000000070c200000, 0x000000070c200000, 0x000000070c400000|  0%| F|  |TAMS 0x000000070c200000, 0x000000070c200000| Untracked 
|  98|0x000000070c400000, 0x000000070c400000, 0x000000070c600000|  0%| F|  |TAMS 0x000000070c400000, 0x000000070c400000| Untracked 
|  99|0x000000070c600000, 0x000000070c600000, 0x000000070c800000|  0%| F|  |TAMS 0x000000070c600000, 0x000000070c600000| Untracked 
| 100|0x000000070c800000, 0x000000070c800000, 0x000000070ca00000|  0%| F|  |TAMS 0x000000070c800000, 0x000000070c800000| Untracked 
| 101|0x000000070ca00000, 0x000000070ca00000, 0x000000070cc00000|  0%| F|  |TAMS 0x000000070ca00000, 0x000000070ca00000| Untracked 
| 102|0x000000070cc00000, 0x000000070cc00000, 0x000000070ce00000|  0%| F|  |TAMS 0x000000070cc00000, 0x000000070cc00000| Untracked 
| 103|0x000000070ce00000, 0x000000070ce00000, 0x000000070d000000|  0%| F|  |TAMS 0x000000070ce00000, 0x000000070ce00000| Untracked 
| 104|0x000000070d000000, 0x000000070d000000, 0x000000070d200000|  0%| F|  |TAMS 0x000000070d000000, 0x000000070d000000| Untracked 
| 105|0x000000070d200000, 0x000000070d200000, 0x000000070d400000|  0%| F|  |TAMS 0x000000070d200000, 0x000000070d200000| Untracked 
| 106|0x000000070d400000, 0x000000070d400000, 0x000000070d600000|  0%| F|  |TAMS 0x000000070d400000, 0x000000070d400000| Untracked 
| 107|0x000000070d600000, 0x000000070d600000, 0x000000070d800000|  0%| F|  |TAMS 0x000000070d600000, 0x000000070d600000| Untracked 
| 108|0x000000070d800000, 0x000000070d800000, 0x000000070da00000|  0%| F|  |TAMS 0x000000070d800000, 0x000000070d800000| Untracked 
| 109|0x000000070da00000, 0x000000070da00000, 0x000000070dc00000|  0%| F|  |TAMS 0x000000070da00000, 0x000000070da00000| Untracked 
| 110|0x000000070dc00000, 0x000000070dc00000, 0x000000070de00000|  0%| F|  |TAMS 0x000000070dc00000, 0x000000070dc00000| Untracked 
| 111|0x000000070de00000, 0x000000070de00000, 0x000000070e000000|  0%| F|  |TAMS 0x000000070de00000, 0x000000070de00000| Untracked 
| 112|0x000000070e000000, 0x000000070e000000, 0x000000070e200000|  0%| F|  |TAMS 0x000000070e000000, 0x000000070e000000| Untracked 
| 113|0x000000070e200000, 0x000000070e200000, 0x000000070e400000|  0%| F|  |TAMS 0x000000070e200000, 0x000000070e200000| Untracked 
| 114|0x000000070e400000, 0x000000070e400000, 0x000000070e600000|  0%| F|  |TAMS 0x000000070e400000, 0x000000070e400000| Untracked 
| 115|0x000000070e600000, 0x000000070e600000, 0x000000070e800000|  0%| F|  |TAMS 0x000000070e600000, 0x000000070e600000| Untracked 
| 116|0x000000070e800000, 0x000000070e800000, 0x000000070ea00000|  0%| F|  |TAMS 0x000000070e800000, 0x000000070e800000| Untracked 
| 117|0x000000070ea00000, 0x000000070ea00000, 0x000000070ec00000|  0%| F|  |TAMS 0x000000070ea00000, 0x000000070ea00000| Untracked 
| 118|0x000000070ec00000, 0x000000070ec00000, 0x000000070ee00000|  0%| F|  |TAMS 0x000000070ec00000, 0x000000070ec00000| Untracked 
| 119|0x000000070ee00000, 0x000000070ee00000, 0x000000070f000000|  0%| F|  |TAMS 0x000000070ee00000, 0x000000070ee00000| Untracked 
| 120|0x000000070f000000, 0x000000070f000000, 0x000000070f200000|  0%| F|  |TAMS 0x000000070f000000, 0x000000070f000000| Untracked 
| 121|0x000000070f200000, 0x000000070f200000, 0x000000070f400000|  0%| F|  |TAMS 0x000000070f200000, 0x000000070f200000| Untracked 
| 122|0x000000070f400000, 0x000000070f400000, 0x000000070f600000|  0%| F|  |TAMS 0x000000070f400000, 0x000000070f400000| Untracked 
| 123|0x000000070f600000, 0x000000070f671490, 0x000000070f800000| 22%| E|  |TAMS 0x000000070f600000, 0x000000070f600000| Complete 
| 124|0x000000070f800000, 0x000000070fa00000, 0x000000070fa00000|100%| E|CS|TAMS 0x000000070f800000, 0x000000070f800000| Complete 
| 125|0x000000070fa00000, 0x000000070fc00000, 0x000000070fc00000|100%| E|CS|TAMS 0x000000070fa00000, 0x000000070fa00000| Complete 
| 126|0x000000070fc00000, 0x000000070fe00000, 0x000000070fe00000|100%| E|CS|TAMS 0x000000070fc00000, 0x000000070fc00000| Complete 
| 127|0x000000070fe00000, 0x0000000710000000, 0x0000000710000000|100%| E|CS|TAMS 0x000000070fe00000, 0x000000070fe00000| Complete 

Card table byte_map: [0x0000000109eda000,0x000000010a6da000] _byte_map_base: 0x00000001066da000

Marking Bits (Prev, Next): (CMBitMap*) 0x00007fb63500a010, (CMBitMap*) 0x00007fb63500a050
 Prev Bits: [0x000000011ed3a000, 0x0000000122d3a000)
 Next Bits: [0x0000000122d3a000, 0x0000000126d3a000)

Polling page: 0x00000001093d4000

Metaspace:

Usage:
  Non-class:      8.92 MB used.
      Class:    915.52 KB used.
       Both:      9.81 MB used.

Virtual space:
  Non-class space:       16.00 MB reserved,       8.94 MB ( 56%) committed,  2 nodes.
      Class space:        1.00 GB reserved,     960.00 KB ( <1%) committed,  1 nodes.
             Both:        1.02 GB reserved,       9.88 MB ( <1%) committed. 

Chunk freelists:
   Non-Class:  2.75 MB
       Class:  3.09 MB
        Both:  5.84 MB

MaxMetaspaceSize: unlimited
CompressedClassSpaceSize: 1.00 GB
Initial GC threshold: 21.00 MB
Current GC threshold: 21.00 MB
CDS: off
MetaspaceReclaimPolicy: balanced
 - commit_granule_bytes: 65536.
 - commit_granule_words: 8192.
 - virtual_space_node_default_size: 1048576.
 - enlarge_chunks_in_place: 1.
 - new_chunks_are_fully_committed: 0.
 - uncommit_free_chunks: 1.
 - use_allocation_guard: 0.
 - handle_deallocations: 1.


Internal statistics:

num_allocs_failed_limit: 0.
num_arena_births: 20.
num_arena_deaths: 0.
num_vsnodes_births: 3.
num_vsnodes_deaths: 0.
num_space_committed: 158.
num_space_uncommitted: 0.
num_chunks_returned_to_freelist: 0.
num_chunks_taken_from_freelist: 56.
num_chunk_merges: 0.
num_chunk_splits: 29.
num_chunks_enlarged: 20.
num_purges: 0.
num_inconsistent_stats: 0.

CodeHeap 'non-profiled nmethods': size=120028Kb used=217Kb max_used=217Kb free=119810Kb
 bounds [0x0000000117003000, 0x0000000117273000, 0x000000011e53a000]
CodeHeap 'profiled nmethods': size=120028Kb used=1040Kb max_used=1040Kb free=118987Kb
 bounds [0x000000010facc000, 0x000000010fd3c000, 0x0000000117003000]
CodeHeap 'non-nmethods': size=5704Kb used=1184Kb max_used=1207Kb free=4519Kb
 bounds [0x000000010f53a000, 0x000000010f7aa000, 0x000000010facc000]
 total_blobs=1034 nmethods=618 adapters=330
 compilation: enabled
              stopped_count=0, restarted_count=0
 full_count=0

Compilation events (20 events):
Event: 0.476 Thread 0x00007fb63480c000 nmethod 609 0x000000010fbcb010 code [0x000000010fbcb240, 0x000000010fbcba40]
Event: 0.476 Thread 0x00007fb63480c000  610   !   3       java.security.cert.Certificate::equals (38 bytes)
Event: 0.476 Thread 0x00007fb63480c000 nmethod 610 0x000000010fbcbc90 code [0x000000010fbcbfa0, 0x000000010fbcd2e0]
Event: 0.476 Thread 0x00007fb63480c000  611       3       java.lang.StringConcatHelper::stringOf (20 bytes)
Event: 0.476 Thread 0x00007fb63480c000 nmethod 611 0x000000010fbcda90 code [0x000000010fbcdc40, 0x000000010fbcde80]
Event: 0.481 Thread 0x00007fb63480c000  612       3       java.lang.Class::getComponentType (14 bytes)
Event: 0.482 Thread 0x00007fb6350e7200 nmethod 598 0x0000000117038190 code [0x0000000117038340, 0x0000000117038fb8]
Event: 0.482 Thread 0x00007fb63480c000 nmethod 612 0x000000010fbcdf90 code [0x000000010fbce140, 0x000000010fbce300]
Event: 0.482 Thread 0x00007fb63480c000  613       3       org.eclipse.jdt.launching.internal.org.objectweb.asm.ClassReader::readUnsignedShort (26 bytes)
Event: 0.482 Thread 0x00007fb63480c000 nmethod 613 0x000000010fbce390 code [0x000000010fbce540, 0x000000010fbce6b0]
Event: 0.483 Thread 0x00007fb63480c000  614       3       java.lang.String::<init> (74 bytes)
Event: 0.483 Thread 0x00007fb63480c000 nmethod 614 0x000000010fbce790 code [0x000000010fbce980, 0x000000010fbced90]
Event: 0.483 Thread 0x00007fb63480c000  615       3       org.eclipse.jdt.launching.internal.org.objectweb.asm.ClassReader::readUtf (44 bytes)
Event: 0.483 Thread 0x00007fb63480c000 nmethod 615 0x000000010fbcee90 code [0x000000010fbcf060, 0x000000010fbcf470]
Event: 653.507 Thread 0x00007fb63480c000  616       3       org.eclipse.jdt.launching.internal.org.objectweb.asm.ClassReader::getItem (7 bytes)
Event: 653.507 Thread 0x00007fb63480c000 nmethod 616 0x000000010fbcf610 code [0x000000010fbcf7a0, 0x000000010fbcf8d0]
Event: 653.507 Thread 0x00007fb63480c000  617       3       org.eclipse.jdt.launching.internal.org.objectweb.asm.SymbolTable::hash (10 bytes)
Event: 653.507 Thread 0x00007fb63480c000 nmethod 617 0x000000010fbcf990 code [0x000000010fbcfb40, 0x000000010fbcfc80]
Event: 653.507 Thread 0x00007fb63480c000  618       3       org.eclipse.jdt.launching.internal.org.objectweb.asm.ClassReader::readUTF8 (23 bytes)
Event: 653.507 Thread 0x00007fb63480c000 nmethod 618 0x000000010fbcfd90 code [0x000000010fbcff60, 0x000000010fbd01b0]

GC Heap History (0 events):
No events

Deoptimization events (20 events):
Event: 0.467 Thread 0x00007fb633809200 DEOPT PACKING pc=0x000000010fbb85fc sp=0x000070000d60db30
Event: 0.467 Thread 0x00007fb633809200 DEOPT UNPACKING pc=0x000000010f58c82f sp=0x000070000d60cfb8 mode 0
Event: 0.467 Thread 0x00007fb633809200 DEOPT PACKING pc=0x000000010fbb85fc sp=0x000070000d60db30
Event: 0.467 Thread 0x00007fb633809200 DEOPT UNPACKING pc=0x000000010f58c82f sp=0x000070000d60cfb8 mode 0
Event: 0.468 Thread 0x00007fb633809200 DEOPT PACKING pc=0x000000010fbb85fc sp=0x000070000d60db30
Event: 0.468 Thread 0x00007fb633809200 DEOPT UNPACKING pc=0x000000010f58c82f sp=0x000070000d60cfb8 mode 0
Event: 0.469 Thread 0x00007fb633809200 DEOPT PACKING pc=0x000000010fbb85fc sp=0x000070000d60f1d0
Event: 0.469 Thread 0x00007fb633809200 DEOPT UNPACKING pc=0x000000010f58c82f sp=0x000070000d60e658 mode 0
Event: 0.470 Thread 0x00007fb633809200 DEOPT PACKING pc=0x000000010fbb85fc sp=0x000070000d60dab0
Event: 0.470 Thread 0x00007fb633809200 DEOPT UNPACKING pc=0x000000010f58c82f sp=0x000070000d60cf38 mode 0
Event: 0.471 Thread 0x00007fb633809200 DEOPT PACKING pc=0x000000010fbb85fc sp=0x000070000d60f100
Event: 0.471 Thread 0x00007fb633809200 DEOPT UNPACKING pc=0x000000010f58c82f sp=0x000070000d60e588 mode 0
Event: 0.472 Thread 0x00007fb633809200 DEOPT PACKING pc=0x000000010fb6971e sp=0x000070000d60f380
Event: 0.472 Thread 0x00007fb633809200 DEOPT UNPACKING pc=0x000000010f58c82f sp=0x000070000d60e838 mode 0
Event: 0.473 Thread 0x00007fb633809200 DEOPT PACKING pc=0x000000010fbb85fc sp=0x000070000d60f1c0
Event: 0.473 Thread 0x00007fb633809200 DEOPT UNPACKING pc=0x000000010f58c82f sp=0x000070000d60e648 mode 0
Event: 0.473 Thread 0x00007fb633809200 DEOPT PACKING pc=0x000000010fbb85fc sp=0x000070000d60f080
Event: 0.473 Thread 0x00007fb633809200 DEOPT UNPACKING pc=0x000000010f58c82f sp=0x000070000d60e508 mode 0
Event: 0.476 Thread 0x00007fb633809200 DEOPT PACKING pc=0x000000010fbb85fc sp=0x000070000d60d730
Event: 0.476 Thread 0x00007fb633809200 DEOPT UNPACKING pc=0x000000010f58c82f sp=0x000070000d60cbb8 mode 0

Classes unloaded (0 events):
No events

Classes redefined (1 events):
Event: 653.509 Thread 0x00007fb6380049a0 redefined class name=com.coderscampus.CustomArrayList, count=1

Internal exceptions (6 events):
Event: 0.152 Thread 0x00007fb633809200 Exception <a 'java/lang/NoSuchMethodError'{0x000000070ff84440}: 'void java.lang.invoke.DirectMethodHandle$Holder.invokeVirtual(java.lang.Object, java.lang.Object)'> (0x000000070ff84440) 
thrown [src/hotspot/share/interpreter/linkResolver.cpp, line 759]
Event: 0.189 Thread 0x00007fb633809200 Exception <a 'java/lang/NoSuchMethodError'{0x000000070fffc7e8}: 'void java.lang.invoke.DirectMethodHandle$Holder.invokeSpecial(java.lang.Object, java.lang.Object, java.lang.Object)'> (0x000000070fffc7e8) 
thrown [src/hotspot/share/interpreter/linkResolver.cpp, line 759]
Event: 0.252 Thread 0x00007fb633809200 Exception <a 'java/lang/NoSuchMethodError'{0x000000070fa14840}: 'void java.lang.invoke.DirectMethodHandle$Holder.invokeSpecial(java.lang.Object, java.lang.Object, java.lang.Object, java.lang.Object, java.lang.Object)'> (0x000000070fa14840) 
thrown [src/hotspot/share/interpreter/linkResolver.cpp, line 759]
Event: 0.256 Thread 0x00007fb633809200 Exception <a 'java/lang/NoSuchMethodError'{0x000000070fa29a08}: 'java.lang.Object java.lang.invoke.DirectMethodHandle$Holder.invokeInterface(java.lang.Object, java.lang.Object)'> (0x000000070fa29a08) 
thrown [src/hotspot/share/interpreter/linkResolver.cpp, line 759]
Event: 0.256 Thread 0x00007fb633809200 Exception <a 'java/lang/IncompatibleClassChangeError'{0x000000070fa2cf58}: Found class java.lang.Object, but interface was expected> (0x000000070fa2cf58) 
thrown [src/hotspot/share/interpreter/linkResolver.cpp, line 826]
Event: 0.256 Thread 0x00007fb633809200 Exception <a 'java/lang/NoSuchMethodError'{0x000000070fa2fd20}: 'void java.lang.invoke.DirectMethodHandle$Holder.invokeStatic(java.lang.Object, java.lang.Object, java.lang.Object, java.lang.Object)'> (0x000000070fa2fd20) 
thrown [src/hotspot/share/interpreter/linkResolver.cpp, line 759]

VM Operations (20 events):
Event: 292.424 Executing VM operation: get/set locals
Event: 292.424 Executing VM operation: get/set locals done
Event: 355.109 Executing VM operation: get/set locals
Event: 355.109 Executing VM operation: get/set locals done
Event: 355.110 Executing VM operation: get/set locals
Event: 355.110 Executing VM operation: get/set locals done
Event: 355.110 Executing VM operation: get/set locals
Event: 355.110 Executing VM operation: get/set locals done
Event: 355.110 Executing VM operation: get/set locals
Event: 355.110 Executing VM operation: get/set locals done
Event: 355.110 Executing VM operation: get/set locals
Event: 355.110 Executing VM operation: get/set locals done
Event: 355.110 Executing VM operation: get/set locals
Event: 355.110 Executing VM operation: get/set locals done
Event: 653.507 Executing VM operation: RedefineClasses
Event: 653.512 Executing VM operation: RedefineClasses done
Event: 653.526 Executing VM operation: ChangeBreakpoints
Event: 653.527 Executing VM operation: ChangeBreakpoints done
Event: 653.527 Executing VM operation: ChangeBreakpoints
Event: 653.527 Executing VM operation: ChangeBreakpoints done

Events (20 events):
Event: 0.462 loading class jdk/internal/reflect/Label
Event: 0.462 loading class jdk/internal/reflect/Label done
Event: 0.462 loading class jdk/internal/reflect/Label$PatchInfo
Event: 0.462 loading class jdk/internal/reflect/Label$PatchInfo done
Event: 0.462 loading class jdk/internal/reflect/MethodAccessorGenerator$1
Event: 0.463 loading class jdk/internal/reflect/MethodAccessorGenerator$1 done
Event: 0.463 loading class jdk/internal/reflect/ClassDefiner
Event: 0.463 loading class jdk/internal/reflect/ClassDefiner done
Event: 0.463 loading class jdk/internal/reflect/ClassDefiner$1
Event: 0.463 loading class jdk/internal/reflect/ClassDefiner$1 done
Event: 0.463 loading class java/lang/Class$1
Event: 0.463 loading class java/lang/Class$1 done
Event: 0.463 loading class jdk/internal/reflect/BootstrapConstructorAccessorImpl
Event: 0.463 loading class jdk/internal/reflect/BootstrapConstructorAccessorImpl done
Event: 0.466 loading class java/lang/TypeNotPresentException
Event: 0.466 loading class java/lang/TypeNotPresentException done
Event: 0.476 loading class java/lang/IllegalStateException
Event: 0.476 loading class java/lang/IllegalStateException done
Event: 5.483 Protecting memory [0x000070000e648000,0x000070000e64c000] with protection modes 3
Event: 5.483 Thread 0x00007fb634008800 Thread exited: 0x00007fb634008800


Dynamic libraries:
0x00000001093d7000 	/Users/calebhurst/.p2/pool/plugins/org.eclipse.justj.openjdk.hotspot.jre.full.macosx.x86_64_17.0.4.v20221004-1257/jre/lib/libjli.dylib
0x00007ff81e443000 	/usr/lib/libz.1.dylib
0x00007ff81e523000 	/usr/lib/libSystem.B.dylib
0x00007ff81e51e000 	/usr/lib/system/libcache.dylib
0x00007ff81e4da000 	/usr/lib/system/libcommonCrypto.dylib
0x00007ff81e503000 	/usr/lib/system/libcompiler_rt.dylib
0x00007ff81e4f9000 	/usr/lib/system/libcopyfile.dylib
0x00007ff8134b1000 	/usr/lib/system/libcorecrypto.dylib
0x00007ff81356f000 	/usr/lib/system/libdispatch.dylib
0x00007ff81372f000 	/usr/lib/system/libdyld.dylib
0x00007ff81e515000 	/usr/lib/system/libkeymgr.dylib
0x00007ff81e4b8000 	/usr/lib/system/libmacho.dylib
0x00007ff81db39000 	/usr/lib/system/libquarantine.dylib
0x00007ff81e513000 	/usr/lib/system/libremovefile.dylib
0x00007ff8186c4000 	/usr/lib/system/libsystem_asl.dylib
0x00007ff81345a000 	/usr/lib/system/libsystem_blocks.dylib
0x00007ff8135f3000 	/usr/lib/system/libsystem_c.dylib
0x00007ff81e50b000 	/usr/lib/system/libsystem_collections.dylib
0x00007ff81cded000 	/usr/lib/system/libsystem_configuration.dylib
0x00007ff81c096000 	/usr/lib/system/libsystem_containermanager.dylib
0x00007ff81e1f0000 	/usr/lib/system/libsystem_coreservices.dylib
0x00007ff815d65000 	/usr/lib/system/libsystem_darwin.dylib
0x00007ff81e516000 	/usr/lib/system/libsystem_dnssd.dylib
0x00007ff8135f0000 	/usr/lib/system/libsystem_featureflags.dylib
0x00007ff813745000 	/usr/lib/system/libsystem_info.dylib
0x00007ff81e456000 	/usr/lib/system/libsystem_m.dylib
0x00007ff813543000 	/usr/lib/system/libsystem_malloc.dylib
0x00007ff81865f000 	/usr/lib/system/libsystem_networkextension.dylib
0x00007ff81618b000 	/usr/lib/system/libsystem_notify.dylib
0x00007ff824793000 	/usr/lib/system/libsystem_product_info_filter.dylib
0x00007ff81cdf1000 	/usr/lib/system/libsystem_sandbox.dylib
0x00007ff81e510000 	/usr/lib/system/libsystem_secinit.dylib
0x00007ff8136eb000 	/usr/lib/system/libsystem_kernel.dylib
0x00007ff81373b000 	/usr/lib/system/libsystem_platform.dylib
0x00007ff813723000 	/usr/lib/system/libsystem_pthread.dylib
0x00007ff819f12000 	/usr/lib/system/libsystem_symptoms.dylib
0x00007ff813498000 	/usr/lib/system/libsystem_trace.dylib
0x00007ff81e4e6000 	/usr/lib/system/libunwind.dylib
0x00007ff81345c000 	/usr/lib/system/libxpc.dylib
0x00007ff8136d5000 	/usr/lib/libc++abi.dylib
0x00007ff8135b6000 	/usr/lib/libobjc.A.dylib
0x00007ff81e4f1000 	/usr/lib/liboah.dylib
0x00007ff81367c000 	/usr/lib/libc++.1.dylib
0x00007ff82a595000 	/System/Library/Frameworks/Cocoa.framework/Versions/A/Cocoa
0x00007ff8161e9000 	/System/Library/Frameworks/AppKit.framework/Versions/C/AppKit
0x00007ff819700000 	/System/Library/Frameworks/CoreData.framework/Versions/A/CoreData
0x00007ff8145ec000 	/System/Library/Frameworks/Foundation.framework/Versions/C/Foundation
0x00007ff817079000 	/System/Library/PrivateFrameworks/UIFoundation.framework/Versions/A/UIFoundation
0x00007ff824496000 	/System/Library/PrivateFrameworks/RemoteViewServices.framework/Versions/A/RemoteViewServices
0x00007ff81c777000 	/System/Library/PrivateFrameworks/XCTTargetBootstrap.framework/Versions/A/XCTTargetBootstrap
0x00007ff82032c000 	/System/Library/PrivateFrameworks/InternationalSupport.framework/Versions/A/InternationalSupport
0x00007ff8203b6000 	/System/Library/PrivateFrameworks/UserActivity.framework/Versions/A/UserActivity
0x00007ff81f70a000 	/usr/lib/libspindump.dylib
0x00007ff817308000 	/System/Library/Frameworks/UniformTypeIdentifiers.framework/Versions/A/UniformTypeIdentifiers
0x00007ff81ae9b000 	/usr/lib/libapp_launch_measurement.dylib
0x00007ff81a0d2000 	/System/Library/PrivateFrameworks/CoreAnalytics.framework/Versions/A/CoreAnalytics
0x00007ff81ae9e000 	/System/Library/PrivateFrameworks/CoreAutoLayout.framework/Versions/A/CoreAutoLayout
0x00007ff81c0ce000 	/System/Library/Frameworks/Metal.framework/Versions/A/Metal
0x00007ff81cdfd000 	/usr/lib/liblangid.dylib
0x00007ff81c77c000 	/System/Library/PrivateFrameworks/CoreSVG.framework/Versions/A/CoreSVG
0x00007ff8186f4000 	/System/Library/PrivateFrameworks/SkyLight.framework/Versions/A/SkyLight
0x00007ff818a93000 	/System/Library/Frameworks/CoreGraphics.framework/Versions/A/CoreGraphics
0x00007ff824b56000 	/System/Library/Frameworks/Accelerate.framework/Versions/A/Accelerate
0x00007ff81f189000 	/System/Library/PrivateFrameworks/IconServices.framework/Versions/A/IconServices
0x00007ff81c0b3000 	/System/Library/Frameworks/IOSurface.framework/Versions/A/IOSurface
0x00007ff81a100000 	/usr/lib/libDiagnosticMessagesClient.dylib
0x00007ff828239000 	/System/Library/Frameworks/ApplicationServices.framework/Versions/A/ApplicationServices
0x00007ff81c763000 	/System/Library/PrivateFrameworks/DFRFoundation.framework/Versions/A/DFRFoundation
0x00007ff815ad1000 	/usr/lib/libicucore.A.dylib
0x00007ff821122000 	/System/Library/Frameworks/AudioToolbox.framework/Versions/A/AudioToolbox
0x00007ff820338000 	/System/Library/PrivateFrameworks/DataDetectorsCore.framework/Versions/A/DataDetectorsCore
0x00007ff91c833000 	/System/Library/PrivateFrameworks/TextInput.framework/Versions/A/TextInput
0x00007ff818677000 	/usr/lib/libMobileGestalt.dylib
0x00007ff81c46f000 	/System/Library/Frameworks/Carbon.framework/Versions/A/Frameworks/HIToolbox.framework/Versions/A/HIToolbox
0x00007ff81a89d000 	/System/Library/Frameworks/QuartzCore.framework/Versions/A/QuartzCore
0x00007ff815776000 	/System/Library/Frameworks/Security.framework/Versions/A/Security
0x00007ff8244ce000 	/System/Library/Frameworks/Carbon.framework/Versions/A/Frameworks/SpeechRecognition.framework/Versions/A/SpeechRecognition
0x00007ff81abfb000 	/System/Library/PrivateFrameworks/CoreUI.framework/Versions/A/CoreUI
0x00007ff815040000 	/System/Library/Frameworks/CoreAudio.framework/Versions/A/CoreAudio
0x00007ff81a1ef000 	/System/Library/Frameworks/DiskArbitration.framework/Versions/A/DiskArbitration
0x00007ff81faf8000 	/System/Library/PrivateFrameworks/MultitouchSupport.framework/Versions/A/MultitouchSupport
0x00007ff818676000 	/usr/lib/libenergytrace.dylib
0x00007ff8160d5000 	/System/Library/Frameworks/IOKit.framework/Versions/A/IOKit
0x00007ff8248be000 	/System/Library/Frameworks/CoreServices.framework/Versions/A/CoreServices
0x00007ff81ae35000 	/System/Library/PrivateFrameworks/PerformanceAnalysis.framework/Versions/A/PerformanceAnalysis
0x00007ffa2c515000 	/System/Library/Frameworks/OpenGL.framework/Versions/A/OpenGL
0x00007ff81da5f000 	/System/Library/PrivateFrameworks/MobileKeyBag.framework/Versions/A/MobileKeyBag
0x00007ff81915f000 	/System/Library/Frameworks/ColorSync.framework/Versions/A/ColorSync
0x00007ff813770000 	/System/Library/Frameworks/CoreFoundation.framework/Versions/A/CoreFoundation
0x00007ff81c9f3000 	/System/Library/Frameworks/CoreImage.framework/Versions/A/CoreImage
0x00007ff814e54000 	/System/Library/Frameworks/CoreText.framework/Versions/A/CoreText
0x00007ff81c7ac000 	/System/Library/Frameworks/ImageIO.framework/Versions/A/ImageIO
0x00007ff81e529000 	/System/Library/PrivateFrameworks/SoftLinking.framework/Versions/A/SoftLinking
0x00007ff81aee6000 	/usr/lib/libxml2.2.dylib
0x00007ff81e7ad000 	/usr/lib/libcompression.dylib
0x00007ff82025f000 	/System/Library/PrivateFrameworks/TextureIO.framework/Versions/A/TextureIO
0x00007ff81ee9b000 	/usr/lib/libate.dylib
0x00007ff81ec77000 	/usr/lib/liblzma.5.dylib
0x00007ff8142fe000 	/System/Library/Frameworks/SystemConfiguration.framework/Versions/A/SystemConfiguration
0x00007ff81e525000 	/usr/lib/libfakelink.dylib
0x00007ff8181cf000 	/System/Library/Frameworks/CFNetwork.framework/Versions/A/CFNetwork
0x00007ff81e666000 	/usr/lib/libarchive.2.dylib
0x00007ff81cdf9000 	/System/Library/PrivateFrameworks/AppleSystemInfo.framework/Versions/A/AppleSystemInfo
0x00007ff81db60000 	/usr/lib/libbsm.0.dylib
0x00007ff8177de000 	/usr/lib/libnetwork.dylib
0x00007ff81e4be000 	/usr/lib/system/libkxld.dylib
0x00007ff81d793000 	/System/Library/PrivateFrameworks/IOMobileFramebuffer.framework/Versions/A/IOMobileFramebuffer
0x00007ffb2bee4000 	/usr/lib/libCoreEntitlements.dylib
0x00007ff81e1d2000 	/System/Library/PrivateFrameworks/AppleFSCompression.framework/Versions/A/AppleFSCompression
0x00007ff81db48000 	/usr/lib/libcoretls.dylib
0x00007ff81ec91000 	/usr/lib/libcoretls_cfhelpers.dylib
0x00007ff81e7a8000 	/usr/lib/libpam.2.dylib
0x00007ff819b31000 	/usr/lib/libsqlite3.dylib
0x00007ff81ed00000 	/usr/lib/libxar.1.dylib
0x00007ff81e1e2000 	/usr/lib/libbz2.1.0.dylib
0x00007ff81e52a000 	/usr/lib/libpcap.A.dylib
0x00007ff819f0a000 	/usr/lib/libdns_services.dylib
0x00007ff81e778000 	/usr/lib/libapple_nghttp2.dylib
0x00007ff81e564000 	/usr/lib/libiconv.2.dylib
0x00007ff81e4b7000 	/usr/lib/libcharset.1.dylib
0x00007ff81ae69000 	/System/Library/Frameworks/CoreServices.framework/Versions/A/Frameworks/FSEvents.framework/Versions/A/FSEvents
0x00007ff815d6f000 	/System/Library/Frameworks/CoreServices.framework/Versions/A/Frameworks/CarbonCore.framework/Versions/A/CarbonCore
0x00007ff81a153000 	/System/Library/Frameworks/CoreServices.framework/Versions/A/Frameworks/Metadata.framework/Versions/A/Metadata
0x00007ff81e1f5000 	/System/Library/Frameworks/CoreServices.framework/Versions/A/Frameworks/OSServices.framework/Versions/A/OSServices
0x00007ff81e6ed000 	/System/Library/Frameworks/CoreServices.framework/Versions/A/Frameworks/SearchKit.framework/Versions/A/SearchKit
0x00007ff819e9c000 	/System/Library/Frameworks/CoreServices.framework/Versions/A/Frameworks/AE.framework/Versions/A/AE
0x00007ff813c73000 	/System/Library/Frameworks/CoreServices.framework/Versions/A/Frameworks/LaunchServices.framework/Versions/A/LaunchServices
0x00007ff81ec28000 	/System/Library/Frameworks/CoreServices.framework/Versions/A/Frameworks/DictionaryServices.framework/Versions/A/DictionaryServices
0x00007ff81ae76000 	/System/Library/Frameworks/CoreServices.framework/Versions/A/Frameworks/SharedFileList.framework/Versions/A/SharedFileList
0x00007ff81db3c000 	/usr/lib/libCheckFix.dylib
0x00007ff8186db000 	/System/Library/PrivateFrameworks/TCC.framework/Versions/A/TCC
0x00007ff81cdff000 	/System/Library/PrivateFrameworks/CoreNLP.framework/Versions/A/CoreNLP
0x00007ff81a103000 	/System/Library/PrivateFrameworks/MetadataUtilities.framework/Versions/A/MetadataUtilities
0x00007ff8143af000 	/usr/lib/libmecabra.dylib
0x00007ff81db70000 	/usr/lib/libmecab.dylib
0x00007ff81437a000 	/usr/lib/libCRFSuite.dylib
0x00007ff81dbca000 	/usr/lib/libgermantok.dylib
0x00007ff81e753000 	/usr/lib/libThaiTokenizer.dylib
0x00007ff81a1f6000 	/System/Library/Frameworks/Accelerate.framework/Versions/A/Frameworks/vImage.framework/Versions/A/vImage
0x00007ff824895000 	/System/Library/Frameworks/Accelerate.framework/Versions/A/Frameworks/vecLib.framework/Versions/A/vecLib
0x00007ff81ed41000 	/System/Library/Frameworks/Accelerate.framework/Versions/A/Frameworks/vecLib.framework/Versions/A/libvMisc.dylib
0x00007ff81d5be000 	/System/Library/Frameworks/Accelerate.framework/Versions/A/Frameworks/vecLib.framework/Versions/A/libvDSP.dylib
0x00007ff813fee000 	/System/Library/Frameworks/Accelerate.framework/Versions/A/Frameworks/vecLib.framework/Versions/A/libBLAS.dylib
0x00007ff81e88a000 	/System/Library/Frameworks/Accelerate.framework/Versions/A/Frameworks/vecLib.framework/Versions/A/libLAPACK.dylib
0x00007ff81dbcd000 	/System/Library/Frameworks/Accelerate.framework/Versions/A/Frameworks/vecLib.framework/Versions/A/libLinearAlgebra.dylib
0x00007ff81e790000 	/System/Library/Frameworks/Accelerate.framework/Versions/A/Frameworks/vecLib.framework/Versions/A/libSparseBLAS.dylib
0x00007ff81e884000 	/System/Library/Frameworks/Accelerate.framework/Versions/A/Frameworks/vecLib.framework/Versions/A/libQuadrature.dylib
0x00007ff81ceea000 	/System/Library/Frameworks/Accelerate.framework/Versions/A/Frameworks/vecLib.framework/Versions/A/libBNNS.dylib
0x00007ff814288000 	/System/Library/Frameworks/Accelerate.framework/Versions/A/Frameworks/vecLib.framework/Versions/A/libSparse.dylib
0x00007ff81cee3000 	/System/Library/PrivateFrameworks/LinguisticData.framework/Versions/A/LinguisticData
0x00007ff81423e000 	/System/Library/PrivateFrameworks/Lexicon.framework/Versions/A/Lexicon
0x00007ff81ed3a000 	/usr/lib/libChineseTokenizer.dylib
0x00007ff8149a9000 	/System/Library/PrivateFrameworks/LanguageModeling.framework/Versions/A/LanguageModeling
0x00007ff81e755000 	/System/Library/PrivateFrameworks/AppleSauce.framework/Versions/A/AppleSauce
0x00007ff81d781000 	/System/Library/PrivateFrameworks/CoreEmoji.framework/Versions/A/CoreEmoji
0x00007ff81e655000 	/usr/lib/libcmph.dylib
0x00007ff81ae4d000 	/System/Library/Frameworks/OpenDirectory.framework/Versions/A/Frameworks/CFOpenDirectory.framework/Versions/A/CFOpenDirectory
0x00007ff81ae41000 	/System/Library/Frameworks/OpenDirectory.framework/Versions/A/OpenDirectory
0x00007ff81ec93000 	/System/Library/PrivateFrameworks/APFS.framework/Versions/A/APFS
0x00007ff81da97000 	/System/Library/Frameworks/SecurityFoundation.framework/Versions/A/SecurityFoundation
0x00007ff81ed0e000 	/usr/lib/libutil.dylib
0x00007ff816099000 	/System/Library/PrivateFrameworks/CoreServicesStore.framework/Versions/A/CoreServicesStore
0x00007ff81ed12000 	/usr/lib/libxslt.1.dylib
0x00007ff81db24000 	/System/Library/PrivateFrameworks/BackgroundTaskManagement.framework/Versions/A/BackgroundTaskManagement
0x00007ff82017f000 	/System/Library/Frameworks/ImageIO.framework/Versions/A/Resources/libRadiance.dylib
0x00007ff820188000 	/System/Library/Frameworks/ImageIO.framework/Versions/A/Resources/libJPEG.dylib
0x00007ff8200d7000 	/System/Library/Frameworks/ImageIO.framework/Versions/A/Resources/libPng.dylib
0x00007ff8200f8000 	/System/Library/Frameworks/ImageIO.framework/Versions/A/Resources/libTIFF.dylib
0x00007ff8201e8000 	/System/Library/Frameworks/ImageIO.framework/Versions/A/Resources/libGIF.dylib
0x00007ff81fa12000 	/System/Library/Frameworks/ImageIO.framework/Versions/A/Resources/libJP2.dylib
0x00007ff81f150000 	/usr/lib/libexpat.1.dylib
0x00007ff81f9c7000 	/System/Library/PrivateFrameworks/AppleJPEG.framework/Versions/A/AppleJPEG
0x00007ff81c333000 	/System/Library/PrivateFrameworks/FontServices.framework/libFontParser.dylib
0x00007ff819e46000 	/System/Library/PrivateFrameworks/RunningBoardServices.framework/Versions/A/RunningBoardServices
0x00007ff82ab50000 	/System/Library/PrivateFrameworks/IOSurfaceAccelerator.framework/Versions/A/IOSurfaceAccelerator
0x00007ff81faf4000 	/System/Library/PrivateFrameworks/WatchdogClient.framework/Versions/A/WatchdogClient
0x00007ff814a97000 	/System/Library/Frameworks/CoreDisplay.framework/Versions/A/CoreDisplay
0x00007ff81c231000 	/System/Library/Frameworks/CoreMedia.framework/Versions/A/CoreMedia
0x00007ff81c0c5000 	/System/Library/PrivateFrameworks/IOAccelerator.framework/Versions/A/IOAccelerator
0x00007ff81afca000 	/System/Library/Frameworks/CoreVideo.framework/Versions/A/CoreVideo
0x00007ff81e7a6000 	/System/Library/Frameworks/MetalPerformanceShaders.framework/Versions/A/MetalPerformanceShaders
0x00007ff81fb31000 	/System/Library/Frameworks/VideoToolbox.framework/Versions/A/VideoToolbox
0x00007ff819d90000 	/System/Library/PrivateFrameworks/BaseBoard.framework/Versions/A/BaseBoard
0x00007ff819b17000 	/System/Library/PrivateFrameworks/ProtocolBuffer.framework/Versions/A/ProtocolBuffer
0x00007ff820178000 	/System/Library/PrivateFrameworks/GPUWrangler.framework/Versions/A/GPUWrangler
0x00007ff82015c000 	/System/Library/PrivateFrameworks/IOPresentment.framework/Versions/A/IOPresentment
0x00007ff820182000 	/System/Library/PrivateFrameworks/DSExternalDisplay.framework/Versions/A/DSExternalDisplay
0x00007ffa2c509000 	/System/Library/Frameworks/OpenGL.framework/Versions/A/Libraries/libCoreFSCache.dylib
0x00007ffb195e0000 	/System/Library/PrivateFrameworks/GPUCompiler.framework/Versions/31001/Libraries/libGPUCompilerUtils.dylib
0x00007ff8201ed000 	/System/Library/PrivateFrameworks/CMCaptureCore.framework/Versions/A/CMCaptureCore
0x00007ff81f6f8000 	/System/Library/PrivateFrameworks/AppServerSupport.framework/Versions/A/AppServerSupport
0x00007ff8219bb000 	/System/Library/PrivateFrameworks/perfdata.framework/Versions/A/perfdata
0x00007ff814bc3000 	/System/Library/PrivateFrameworks/AudioToolboxCore.framework/Versions/A/AudioToolboxCore
0x00007ff81c20f000 	/System/Library/PrivateFrameworks/caulk.framework/Versions/A/caulk
0x00007ff8212cd000 	/usr/lib/libAudioStatistics.dylib
0x00007ff918fc1000 	/System/Library/PrivateFrameworks/SystemPolicy.framework/Versions/A/SystemPolicy
0x00007ff821528000 	/usr/lib/libSMC.dylib
0x00007ff82a448000 	/System/Library/Frameworks/CoreMIDI.framework/Versions/A/CoreMIDI
0x00007ff8200a6000 	/usr/lib/libAudioToolboxUtility.dylib
0x00007ff9151ed000 	/System/Library/PrivateFrameworks/OSAServicesClient.framework/Versions/A/OSAServicesClient
0x00007ff8219c8000 	/usr/lib/libperfcheck.dylib
0x00007ff919a6e000 	/usr/lib/libmis.dylib
0x00007ffa2c564000 	/System/Library/Frameworks/OpenGL.framework/Versions/A/Libraries/libGLU.dylib
0x00007ffa2c528000 	/System/Library/Frameworks/OpenGL.framework/Versions/A/Libraries/libGFXShared.dylib
0x00007ffa2c731000 	/System/Library/Frameworks/OpenGL.framework/Versions/A/Libraries/libGL.dylib
0x00007ffa2c531000 	/System/Library/Frameworks/OpenGL.framework/Versions/A/Libraries/libGLImage.dylib
0x00007ffa2c525000 	/System/Library/Frameworks/OpenGL.framework/Versions/A/Libraries/libCVMSPluginSupport.dylib
0x00007ffa2c510000 	/System/Library/Frameworks/OpenGL.framework/Versions/A/Libraries/libCoreVMClient.dylib
0x00007ff81cd7b000 	/System/Library/Frameworks/MetalPerformanceShaders.framework/Versions/A/Frameworks/MPSCore.framework/Versions/A/MPSCore
0x00007ff81e13d000 	/System/Library/Frameworks/MetalPerformanceShaders.framework/Versions/A/Frameworks/MPSImage.framework/Versions/A/MPSImage
0x00007ff81dbe3000 	/System/Library/Frameworks/MetalPerformanceShaders.framework/Versions/A/Frameworks/MPSNeuralNetwork.framework/Versions/A/MPSNeuralNetwork
0x00007ff81e057000 	/System/Library/Frameworks/MetalPerformanceShaders.framework/Versions/A/Frameworks/MPSMatrix.framework/Versions/A/MPSMatrix
0x00007ff81de12000 	/System/Library/Frameworks/MetalPerformanceShaders.framework/Versions/A/Frameworks/MPSRayIntersector.framework/Versions/A/MPSRayIntersector
0x00007ff81e08f000 	/System/Library/Frameworks/MetalPerformanceShaders.framework/Versions/A/Frameworks/MPSNDArray.framework/Versions/A/MPSNDArray
0x00007ffa31fe9000 	/System/Library/Frameworks/MetalPerformanceShaders.framework/Versions/A/Frameworks/MPSFunctions.framework/Versions/A/MPSFunctions
0x00007ff813eca000 	/System/Library/PrivateFrameworks/MetalTools.framework/Versions/A/MetalTools
0x00007ff81cdf7000 	/System/Library/PrivateFrameworks/AggregateDictionary.framework/Versions/A/AggregateDictionary
0x00007ff81ef32000 	/usr/lib/libIOReport.dylib
0x00007ffa2db40000 	/System/Library/Frameworks/OpenCL.framework/Versions/A/OpenCL
0x00007ff81f296000 	/System/Library/PrivateFrameworks/FaceCore.framework/Versions/A/FaceCore
0x00007ff81f287000 	/System/Library/PrivateFrameworks/GraphVisualizer.framework/Versions/A/GraphVisualizer
0x00007ffb194eb000 	/System/Library/PrivateFrameworks/FontServices.framework/Versions/A/FontServices
0x00007ff81f6b0000 	/System/Library/PrivateFrameworks/OTSVG.framework/Versions/A/OTSVG
0x00007ff81abb0000 	/System/Library/Frameworks/ApplicationServices.framework/Versions/A/Frameworks/ATS.framework/Versions/A/Resources/libFontRegistry.dylib
0x00007ff81f700000 	/System/Library/PrivateFrameworks/FontServices.framework/libhvf.dylib
0x00007ffb194ec000 	/System/Library/PrivateFrameworks/FontServices.framework/libXTFontStaticRegistryData.dylib
0x00007ff81f100000 	/System/Library/PrivateFrameworks/AppleVA.framework/Versions/A/AppleVA
0x00007ff8212ed000 	/System/Library/Frameworks/ApplicationServices.framework/Versions/A/Frameworks/ATS.framework/Versions/A/ATS
0x00007ff81925d000 	/System/Library/Frameworks/ApplicationServices.framework/Versions/A/Frameworks/HIServices.framework/Versions/A/HIServices
0x00007ff8201f7000 	/System/Library/Frameworks/ApplicationServices.framework/Versions/A/Frameworks/PrintCore.framework/Versions/A/PrintCore
0x00007ff82167b000 	/System/Library/Frameworks/ApplicationServices.framework/Versions/A/Frameworks/QD.framework/Versions/A/QD
0x00007ff821673000 	/System/Library/Frameworks/ApplicationServices.framework/Versions/A/Frameworks/ColorSyncLegacy.framework/Versions/A/ColorSyncLegacy
0x00007ff8212dd000 	/System/Library/Frameworks/ApplicationServices.framework/Versions/A/Frameworks/SpeechSynthesis.framework/Versions/A/SpeechSynthesis
0x00007ff8201b8000 	/System/Library/Frameworks/ApplicationServices.framework/Versions/A/Frameworks/ATSUI.framework/Versions/A/ATSUI
0x00007ff821608000 	/usr/lib/libcups.2.dylib
0x00007ff8219d7000 	/System/Library/Frameworks/Kerberos.framework/Versions/A/Kerberos
0x00007ff8219e6000 	/System/Library/Frameworks/GSS.framework/Versions/A/GSS
0x00007ff821359000 	/usr/lib/libresolv.9.dylib
0x00007ff81f70f000 	/System/Library/PrivateFrameworks/Heimdal.framework/Versions/A/Heimdal
0x00007ff8285cb000 	/System/Library/Frameworks/Kerberos.framework/Versions/A/Libraries/libHeimdalProxy.dylib
0x00007ff819f1a000 	/System/Library/Frameworks/Network.framework/Versions/A/Network
0x00007ff81f16a000 	/usr/lib/libheimdal-asn1.dylib
0x00007ff821a31000 	/System/Library/PrivateFrameworks/CommonAuth.framework/Versions/A/CommonAuth
0x00007ff82125f000 	/System/Library/PrivateFrameworks/AudioSession.framework/Versions/A/AudioSession
0x00007ff81f1fa000 	/System/Library/PrivateFrameworks/MediaExperience.framework/Versions/A/MediaExperience
0x00007ff8210f1000 	/System/Library/PrivateFrameworks/AudioSession.framework/libSessionUtility.dylib
0x00007ff821687000 	/System/Library/PrivateFrameworks/AudioResourceArbitration.framework/Versions/A/AudioResourceArbitration
0x00007ff825708000 	/System/Library/PrivateFrameworks/PowerLog.framework/Versions/A/PowerLog
0x00007ff81f173000 	/System/Library/PrivateFrameworks/IconFoundation.framework/Versions/A/IconFoundation
0x00007ff8244be000 	/System/Library/PrivateFrameworks/SpeechRecognitionCore.framework/Versions/A/SpeechRecognitionCore
0x000000010adad000 	/Users/calebhurst/.p2/pool/plugins/org.eclipse.justj.openjdk.hotspot.jre.full.macosx.x86_64_17.0.4.v20221004-1257/jre/lib/server/libjvm.dylib
0x0000000109408000 	/Users/calebhurst/.p2/pool/plugins/org.eclipse.justj.openjdk.hotspot.jre.full.macosx.x86_64_17.0.4.v20221004-1257/jre/lib/libjimage.dylib
0x0000000109456000 	/Users/calebhurst/.p2/pool/plugins/org.eclipse.justj.openjdk.hotspot.jre.full.macosx.x86_64_17.0.4.v20221004-1257/jre/lib/libjdwp.dylib
0x0000000109499000 	/Users/calebhurst/.p2/pool/plugins/org.eclipse.justj.openjdk.hotspot.jre.full.macosx.x86_64_17.0.4.v20221004-1257/jre/lib/libjava.dylib
0x0000000109424000 	/Users/calebhurst/.p2/pool/plugins/org.eclipse.justj.openjdk.hotspot.jre.full.macosx.x86_64_17.0.4.v20221004-1257/jre/lib/libinstrument.dylib
0x0000000109442000 	/Users/calebhurst/.p2/pool/plugins/org.eclipse.justj.openjdk.hotspot.jre.full.macosx.x86_64_17.0.4.v20221004-1257/jre/lib/libzip.dylib
0x000000010a774000 	/Users/calebhurst/.p2/pool/plugins/org.eclipse.justj.openjdk.hotspot.jre.full.macosx.x86_64_17.0.4.v20221004-1257/jre/lib/libnio.dylib
0x000000010a7a3000 	/Users/calebhurst/.p2/pool/plugins/org.eclipse.justj.openjdk.hotspot.jre.full.macosx.x86_64_17.0.4.v20221004-1257/jre/lib/libnet.dylib
0x000000010a789000 	/Users/calebhurst/.p2/pool/plugins/org.eclipse.justj.openjdk.hotspot.jre.full.macosx.x86_64_17.0.4.v20221004-1257/jre/lib/libdt_socket.dylib
0x000000010a7bd000 	/Users/calebhurst/.p2/pool/plugins/org.eclipse.justj.openjdk.hotspot.jre.full.macosx.x86_64_17.0.4.v20221004-1257/jre/lib/libverify.dylib


VM Arguments:
jvm_args: -XX:+ShowCodeDetailsInExceptionMessages -agentlib:jdwp=transport=dt_socket,suspend=y,address=localhost:57119 -javaagent:/Users/calebhurst/eclipse/jee-2022-092/Eclipse.app/Contents/Eclipse/configuration/org.eclipse.osgi/413/0/.cp/lib/javaagent-shaded.jar -Dfile.encoding=UTF-8 --module-path=/Users/calebhurst/Desktop/Coders Campus/GitHub/Assignment7/bin:/Users/calebhurst/.p2/pool/plugins/junit-jupiter-api_5.9.0.jar:/Users/calebhurst/.p2/pool/plugins/junit-jupiter-engine_5.9.0.jar:/Users/calebhurst/.p2/pool/plugins/junit-jupiter-migrationsupport_5.9.0.jar:/Users/calebhurst/.p2/pool/plugins/junit-jupiter-params_5.9.0.jar:/Users/calebhurst/.p2/pool/plugins/junit-platform-commons_1.9.0.jar:/Users/calebhurst/.p2/pool/plugins/junit-platform-engine_1.9.0.jar:/Users/calebhurst/.p2/pool/plugins/junit-platform-launcher_1.9.0.jar:/Users/calebhurst/.p2/pool/plugins/junit-platform-runner_1.9.0.jar:/Users/calebhurst/.p2/pool/plugins/junit-platform-suite-api_1.9.0.jar:/Users/calebhurst/.p2/pool/plugins/junit-platform-suite-engine_1.9.0.jar:/Users/calebhurst/.p2/pool/plugins/junit-platform-suite-commons_1.9.0.jar:/Users/calebhurst/.p2/pool/plugins/junit-vintage-engine_5.9.0.jar:/Users/calebhurst/.p2/pool/plugins/org.opentest4j_1.2.0.jar:/Users/calebhurst/.p2/pool/plugins/org.apiguardian.api_1.1.2.jar:/Users/calebhurst/.p2/pool/plugins/org.junit_4.13.2.v20211018-1956.jar:/Users/calebhurst/.p2/pool/plugins/org.hamcrest.core_1.3.0.v20180420-1519.jar -Djdk.module.main=Assignment7 
java_command: Assignment7/com.coderscampus.CustomListApp
java_class_path (initial): <not set>
Launcher Type: SUN_STANDARD

[Global flags]
     intx CICompilerCount                          = 4                                         {product} {ergonomic}
     uint ConcGCThreads                            = 2                                         {product} {ergonomic}
     uint G1ConcRefinementThreads                  = 8                                         {product} {ergonomic}
   size_t G1HeapRegionSize                         = 2097152                                   {product} {ergonomic}
    uintx GCDrainStackTargetSize                   = 64                                        {product} {ergonomic}
   size_t InitialHeapSize                          = 268435456                                 {product} {ergonomic}
   size_t MarkStackSize                            = 4194304                                   {product} {ergonomic}
   size_t MaxHeapSize                              = 4294967296                                {product} {ergonomic}
   size_t MaxNewSize                               = 2575302656                                {product} {ergonomic}
   size_t MinHeapDeltaBytes                        = 2097152                                   {product} {ergonomic}
   size_t MinHeapSize                              = 8388608                                   {product} {ergonomic}
    uintx NonNMethodCodeHeapSize                   = 5839372                                {pd product} {ergonomic}
    uintx NonProfiledCodeHeapSize                  = 122909434                              {pd product} {ergonomic}
    uintx ProfiledCodeHeapSize                     = 122909434                              {pd product} {ergonomic}
    uintx ReservedCodeCacheSize                    = 251658240                              {pd product} {ergonomic}
     bool SegmentedCodeCache                       = true                                      {product} {ergonomic}
     bool ShowCodeDetailsInExceptionMessages       = true                                   {manageable} {command line}
   size_t SoftMaxHeapSize                          = 4294967296                             {manageable} {ergonomic}
     bool UseCompressedClassPointers               = true                           {product lp64_product} {ergonomic}
     bool UseCompressedOops                        = true                           {product lp64_product} {ergonomic}
     bool UseG1GC                                  = true                                      {product} {ergonomic}
     bool UseNUMA                                  = false                                     {product} {ergonomic}
     bool UseNUMAInterleaving                      = false                                     {product} {ergonomic}

Logging:
Log output configuration:
 #0: stdout all=warning uptime,level,tags
 #1: stderr all=off uptime,level,tags

Environment Variables:
PATH=/usr/bin:/bin:/usr/sbin:/sbin
SHELL=/bin/bash
TMPDIR=/var/folders/pf/w6n_j3y96kz7jmvzpk002ysr0000gn/T/

Signal Handlers:
   SIGSEGV: _ZL13crash_handleriP9__siginfoPv in libjvm.dylib, mask=11100110000111110111111111111111, flags=SA_RESTART|SA_SIGINFO
    SIGBUS: _ZL13crash_handleriP9__siginfoPv in libjvm.dylib, mask=11100110000111110111111111111111, flags=SA_RESTART|SA_SIGINFO
    SIGFPE: _ZL13crash_handleriP9__siginfoPv in libjvm.dylib, mask=11100110000111110111111111111111, flags=SA_RESTART|SA_SIGINFO
   SIGPIPE: _ZL17javaSignalHandleriP9__siginfoPv in libjvm.dylib, mask=11100110000111110111111111111111, flags=SA_RESTART|SA_SIGINFO
   SIGXFSZ: _ZL17javaSignalHandleriP9__siginfoPv in libjvm.dylib, mask=11100110000111110111111111111111, flags=SA_RESTART|SA_SIGINFO
    SIGILL: _ZL13crash_handleriP9__siginfoPv in libjvm.dylib, mask=11100110000111110111111111111111, flags=SA_RESTART|SA_SIGINFO
   SIGUSR2: _ZL10SR_handleriP9__siginfoP17__darwin_ucontext in libjvm.dylib, mask=00100000000000000000000000000000, flags=SA_RESTART|SA_SIGINFO
    SIGHUP: _ZL11UserHandleriPvS_ in libjvm.dylib, mask=11100110000111110111111111111111, flags=SA_RESTART|SA_SIGINFO
    SIGINT: _ZL11UserHandleriPvS_ in libjvm.dylib, mask=11100110000111110111111111111111, flags=SA_RESTART|SA_SIGINFO
   SIGTERM: _ZL11UserHandleriPvS_ in libjvm.dylib, mask=11100110000111110111111111111111, flags=SA_RESTART|SA_SIGINFO
   SIGQUIT: _ZL11UserHandleriPvS_ in libjvm.dylib, mask=11100110000111110111111111111111, flags=SA_RESTART|SA_SIGINFO
  *** Handler was modified!
  *** Expected: _ZL17javaSignalHandleriP9__siginfoPv in libjvm.dylib, mask=11100110100111111111111111111111, flags=SA_RESTART|SA_SIGINFO
   SIGTRAP: _ZL13crash_handleriP9__siginfoPv in libjvm.dylib, mask=11100110000111110111111111111111, flags=SA_RESTART|SA_SIGINFO


---------------  S Y S T E M  ---------------

OS:
uname: Darwin 21.6.0 Darwin Kernel Version 21.6.0: Mon Aug 22 20:17:10 PDT 2022; root:xnu-8020.140.49~2/RELEASE_X86_64 x86_64
OS uptime: 3 days 7:16 hours
rlimit (soft/hard): STACK 8192k/65532k , CORE 0k/infinity , NPROC 2784/4176 , NOFILE 10240/infinity , AS infinity/infinity , CPU infinity/infinity , DATA infinity/infinity , FSIZE infinity/infinity , MEMLOCK infinity/infinity , RSS infinity/infinity
load average: 2.26 2.23 2.06

CPU: total 8 (initial active 8) (4 cores per cpu, 2 threads per core) family 6 model 94 stepping 3 microcode 0xf0, cx8, cmov, fxsr, ht, mmx, 3dnowpref, sse, sse2, sse3, ssse3, sse4.1, sse4.2, popcnt, lzcnt, tsc, tscinvbit, avx, avx2, aes, erms, clmul, bmi1, bmi2, rtm, adx, fma, vzeroupper, clflush, clflushopt

Memory: 4k page, physical 16777216k(1061940k free), swap 1048576k(729088k free)

vm_info: OpenJDK 64-Bit Server VM (17.0.4.1+1) for bsd-amd64 JRE (17.0.4.1+1), built on Aug 17 2022 13:35:43 by "temurin" with clang 4.2.1 Compatible Apple LLVM 10.0.1 (clang-1001.0.46.4)

END.
